Added Component: Designator=MH1(Mounting_Hole_M3)
Added Component: Designator=MH2(Mounting_Hole_M3)
Added Pin To Net: NetName=GND Pin=MH1-1
Added Pin To Net: NetName=GND Pin=MH2-1
Change Net Color : Old Net Color=RGB(130, 120, 114) New Net Color=RGB(130, 120, 114)
Change Net Color : Old Net Color=RGB(110, 255, 255) New Net Color=RGB(110, 255, 255)
Change Net Color : Old Net Color=RGB(110, 255, 255) New Net Color=RGB(110, 255, 255)
Change Net Color : Old Net Color=Yellow New Net Color=Yellow
Change Net Color : Old Net Color=Yellow New Net Color=Yellow
Change Net Color : Old Net Color=Yellow New Net Color=Yellow
Change Net Color : Old Net Color=Yellow New Net Color=Yellow
Change Net Color : Old Net Color=Yellow New Net Color=Yellow
Change Net Color : Old Net Color=Yellow New Net Color=Yellow
Change Net Color : Old Net Color=Yellow New Net Color=Yellow
Change Net Color : Old Net Color=Yellow New Net Color=Yellow
Change Net Color : Old Net Color=Yellow New Net Color=Yellow
Change Net Color : Old Net Color=Yellow New Net Color=Yellow
Change Net Color : Old Net Color=Yellow New Net Color=Yellow
Change Net Color : Old Net Color=Yellow New Net Color=Yellow
Change Net Color : Old Net Color=Yellow New Net Color=Yellow
Change Net Color : Old Net Color=Yellow New Net Color=Yellow
Change Net Color : Old Net Color=RGB(255, 110, 255) New Net Color=RGB(255, 110, 255)
Added Member To Class: ClassName=SCH_V2.0 Member=Component MH1 Mounting_Hole_M3
Added Member To Class: ClassName=SCH_V2.0 Member=Component MH2 Mounting_Hole_M3
