Add Component: Footprint Not Found DTVS-DO-214AB
Add Component: Footprint Not Found LED_0805_WE
Add Component: Footprint Not Found DCDC_Magi3c
Add Component: Footprint Not Found Fuse_1206
Add Component: Footprint Not Found J_NanoFit_2x8_V
Add Component: Footprint Not Found R0805FTK
Add Component: Footprint Not Found R0805FTK
Add Component: Footprint Not Found R0805FTK
Add Component: Footprint Not Found R0805FTK
Add Component: Footprint Not Found R0805FTK
Add Component: Footprint Not Found R0805FTK
Add Component: Footprint Not Found R0805FTK
Add Component: Footprint Not Found R0805FTK
Add Component: Footprint Not Found R0805FTK
Add Component: Footprint Not Found R0805FTK
Add Component: Footprint Not Found TestPoint
Add Pin To Net: Unknown Pin: Pin D1-1
Add Pin To Net: Unknown Pin: Pin D1-2
Add Pin To Net: Unknown Pin: Pin D2-A
Add Pin To Net: Unknown Pin: Pin D2-K
Add Pin To Net: Unknown Pin: Pin DCDC1-1
Add Pin To Net: Unknown Pin: Pin DCDC1-2
Add Pin To Net: Unknown Pin: Pin DCDC1-3
Add Pin To Net: Unknown Pin: Pin F1-1
Add Pin To Net: Unknown Pin: Pin F1-2
Add Pin To Net: Unknown Pin: Pin J1-1
Add Pin To Net: Unknown Pin: Pin J1-4
Add Pin To Net: Unknown Pin: Pin J1-5
Add Pin To Net: Unknown Pin: Pin J1-6
Add Pin To Net: Unknown Pin: Pin J1-7
Add Pin To Net: Unknown Pin: Pin J1-9
Add Pin To Net: Unknown Pin: Pin J1-11
Add Pin To Net: Unknown Pin: Pin J1-12
Add Pin To Net: Unknown Pin: Pin J1-13
Add Pin To Net: Unknown Pin: Pin J1-14
Add Pin To Net: Unknown Pin: Pin J1-15
Add Pin To Net: Unknown Pin: Pin R1-1
Add Pin To Net: Unknown Pin: Pin R1-2
Add Pin To Net: Unknown Pin: Pin R2-1
Add Pin To Net: Unknown Pin: Pin R2-2
Add Pin To Net: Unknown Pin: Pin R3-1
Add Pin To Net: Unknown Pin: Pin R3-2
Add Pin To Net: Unknown Pin: Pin R4-1
Add Pin To Net: Unknown Pin: Pin R4-2
Add Pin To Net: Unknown Pin: Pin R5-1
Add Pin To Net: Unknown Pin: Pin R5-2
Add Pin To Net: Unknown Pin: Pin R6-1
Add Pin To Net: Unknown Pin: Pin R6-2
Add Pin To Net: Unknown Pin: Pin R7-1
Add Pin To Net: Unknown Pin: Pin R7-2
Add Pin To Net: Unknown Pin: Pin R8-1
Add Pin To Net: Unknown Pin: Pin R8-2
Add Pin To Net: Unknown Pin: Pin R9-1
Add Pin To Net: Unknown Pin: Pin R9-2
Add Pin To Net: Unknown Pin: Pin R10-1
Add Pin To Net: Unknown Pin: Pin R10-2
Add Pin To Net: Unknown Pin: Pin TP2-1
Add Class Member: Failed to add class member : Component D1 824551301
Add Class Member: Failed to add class member : Component D2 150080VS75000
Add Class Member: Failed to add class member : Component DCDC1 173951236
Add Class Member: Failed to add class member : Component F1 0437001.WRA
Add Class Member: Failed to add class member : Component J1 1053101116
Add Class Member: Failed to add class member : Component R1 CR0805-JW-102ELF
Add Class Member: Failed to add class member : Component R2 CR0805-JW-103ELF
Add Class Member: Failed to add class member : Component R3 CR0805-JW-103ELF
Add Class Member: Failed to add class member : Component R4 CR0805-JW-103ELF
Add Class Member: Failed to add class member : Component R5 CR0805-JW-103ELF
Add Class Member: Failed to add class member : Component R6 CR0805-JW-103ELF
Add Class Member: Failed to add class member : Component R7 CR0805-JW-103ELF
Add Class Member: Failed to add class member : Component R8 CR0805-JW-103ELF
Add Class Member: Failed to add class member : Component R9 CR0805-JW-103ELF
Add Class Member: Failed to add class member : Component R10 CR0805-JW-103ELF
Add Class Member: Failed to add class member : Component TP2 TestPoint
