Replace Part C401 C1u-50V-0805FNPC-X7R in C:\Users\amrib\Desktop\TOP_Carpetas\E-Tech\GitBash_Thing\TSAL\TSAL_Control\TSAL_Control_PCB\[4] SCS and Implausabilities.SchDoc with C1u-50V-0805FNPC-X7R from Passives.SchLib
Replace Part C402 C4.7u-0805FNPC-X5R in C:\Users\amrib\Desktop\TOP_Carpetas\E-Tech\GitBash_Thing\TSAL\TSAL_Control\TSAL_Control_PCB\[4] SCS and Implausabilities.SchDoc with C4.7u-0805FNPC-X5R from Passives.SchLib
Replace Part C403 C100n-50V-0805FNPC-X7R in C:\Users\amrib\Desktop\TOP_Carpetas\E-Tech\GitBash_Thing\TSAL\TSAL_Control\TSAL_Control_PCB\[4] SCS and Implausabilities.SchDoc with C100n-50V-0805FNPC-X7R from Passives.SchLib
Replace Part C404 C1u-50V-0805FNPC-X7R in C:\Users\amrib\Desktop\TOP_Carpetas\E-Tech\GitBash_Thing\TSAL\TSAL_Control\TSAL_Control_PCB\[4] SCS and Implausabilities.SchDoc with C1u-50V-0805FNPC-X7R from Passives.SchLib
Replace Part C405 C100n-50V-0805FNPC-X7R in C:\Users\amrib\Desktop\TOP_Carpetas\E-Tech\GitBash_Thing\TSAL\TSAL_Control\TSAL_Control_PCB\[4] SCS and Implausabilities.SchDoc with C100n-50V-0805FNPC-X7R from Passives.SchLib
Replace Part C406 C1u-50V-0805FNPC-X7R in C:\Users\amrib\Desktop\TOP_Carpetas\E-Tech\GitBash_Thing\TSAL\TSAL_Control\TSAL_Control_PCB\[4] SCS and Implausabilities.SchDoc with C1u-50V-0805FNPC-X7R from Passives.SchLib
Replace Part R401 R10k-0805FTK in C:\Users\amrib\Desktop\TOP_Carpetas\E-Tech\GitBash_Thing\TSAL\TSAL_Control\TSAL_Control_PCB\[4] SCS and Implausabilities.SchDoc with R10k-0805FTK from Passives.SchLib
Replace Part R402 R10k-0805FTK in C:\Users\amrib\Desktop\TOP_Carpetas\E-Tech\GitBash_Thing\TSAL\TSAL_Control\TSAL_Control_PCB\[4] SCS and Implausabilities.SchDoc with R10k-0805FTK from Passives.SchLib
Replace Part TP401 TestPoint in C:\Users\amrib\Desktop\TOP_Carpetas\E-Tech\GitBash_Thing\TSAL\TSAL_Control\TSAL_Control_PCB\[4] SCS and Implausabilities.SchDoc with TestPoint from e-Tech_Racing.SchLib
Replace Part TP402 TestPoint in C:\Users\amrib\Desktop\TOP_Carpetas\E-Tech\GitBash_Thing\TSAL\TSAL_Control\TSAL_Control_PCB\[4] SCS and Implausabilities.SchDoc with TestPoint from e-Tech_Racing.SchLib
Replace Part TP403 TestPoint in C:\Users\amrib\Desktop\TOP_Carpetas\E-Tech\GitBash_Thing\TSAL\TSAL_Control\TSAL_Control_PCB\[4] SCS and Implausabilities.SchDoc with TestPoint from e-Tech_Racing.SchLib
Replace Part TP404 TestPoint in C:\Users\amrib\Desktop\TOP_Carpetas\E-Tech\GitBash_Thing\TSAL\TSAL_Control\TSAL_Control_PCB\[4] SCS and Implausabilities.SchDoc with TestPoint from e-Tech_Racing.SchLib
Replace Part TP405 TestPoint in C:\Users\amrib\Desktop\TOP_Carpetas\E-Tech\GitBash_Thing\TSAL\TSAL_Control\TSAL_Control_PCB\[4] SCS and Implausabilities.SchDoc with TestPoint from e-Tech_Racing.SchLib
Replace Part TP406 TestPoint in C:\Users\amrib\Desktop\TOP_Carpetas\E-Tech\GitBash_Thing\TSAL\TSAL_Control\TSAL_Control_PCB\[4] SCS and Implausabilities.SchDoc with TestPoint from e-Tech_Racing.SchLib
Replace Part TP407 TestPoint in C:\Users\amrib\Desktop\TOP_Carpetas\E-Tech\GitBash_Thing\TSAL\TSAL_Control\TSAL_Control_PCB\[4] SCS and Implausabilities.SchDoc with TestPoint from e-Tech_Racing.SchLib
Replace Part TP408 TestPoint in C:\Users\amrib\Desktop\TOP_Carpetas\E-Tech\GitBash_Thing\TSAL\TSAL_Control\TSAL_Control_PCB\[4] SCS and Implausabilities.SchDoc with TestPoint from e-Tech_Racing.SchLib
Replace Part TP409 TestPoint in C:\Users\amrib\Desktop\TOP_Carpetas\E-Tech\GitBash_Thing\TSAL\TSAL_Control\TSAL_Control_PCB\[4] SCS and Implausabilities.SchDoc with TestPoint from e-Tech_Racing.SchLib
Replace Part TP410 TestPoint in C:\Users\amrib\Desktop\TOP_Carpetas\E-Tech\GitBash_Thing\TSAL\TSAL_Control\TSAL_Control_PCB\[4] SCS and Implausabilities.SchDoc with TestPoint from e-Tech_Racing.SchLib
Replace Part TP411 TestPoint in C:\Users\amrib\Desktop\TOP_Carpetas\E-Tech\GitBash_Thing\TSAL\TSAL_Control\TSAL_Control_PCB\[4] SCS and Implausabilities.SchDoc with TestPoint from e-Tech_Racing.SchLib
Replace Part U401 Array_2x4_OR in C:\Users\amrib\Desktop\TOP_Carpetas\E-Tech\GitBash_Thing\TSAL\TSAL_Control\TSAL_Control_PCB\[4] SCS and Implausabilities.SchDoc with Array_2x4_OR from Integrated circuits.SchLib
Replace Part U402 Array_4x2_NAND in C:\Users\amrib\Desktop\TOP_Carpetas\E-Tech\GitBash_Thing\TSAL\TSAL_Control\TSAL_Control_PCB\[4] SCS and Implausabilities.SchDoc with Array_4x2_NAND from Integrated circuits.SchLib
