Replace Part C701 C100n-50V-0805FNPC-X7R in C:\Users\amrib\Desktop\TOP_Carpetas\E-Tech\GitBash_Thing\TSAL\TSAL_Control\TSAL_Control_PCB\[7] SCS [T 11.9.2 (a)].SchDoc with C100n-50V-0805FNPC-X7R from Passives.SchLib
Replace Part C702 C1u-50V-0805FNPC-X7R in C:\Users\amrib\Desktop\TOP_Carpetas\E-Tech\GitBash_Thing\TSAL\TSAL_Control\TSAL_Control_PCB\[7] SCS [T 11.9.2 (a)].SchDoc with C1u-50V-0805FNPC-X7R from Passives.SchLib
Replace Part C703 C100n-50V-0805FNPC-X7R in C:\Users\amrib\Desktop\TOP_Carpetas\E-Tech\GitBash_Thing\TSAL\TSAL_Control\TSAL_Control_PCB\[7] SCS [T 11.9.2 (a)].SchDoc with C100n-50V-0805FNPC-X7R from Passives.SchLib
Replace Part C704 C1u-50V-0805FNPC-X7R in C:\Users\amrib\Desktop\TOP_Carpetas\E-Tech\GitBash_Thing\TSAL\TSAL_Control\TSAL_Control_PCB\[7] SCS [T 11.9.2 (a)].SchDoc with C1u-50V-0805FNPC-X7R from Passives.SchLib
Replace Part R701 R2M-1206FTK in C:\Users\amrib\Desktop\TOP_Carpetas\E-Tech\GitBash_Thing\TSAL\TSAL_Control\TSAL_Control_PCB\[7] SCS [T 11.9.2 (a)].SchDoc with R2M-1206FTK from Passives.SchLib
Replace Part R702 R2M-1206FTK in C:\Users\amrib\Desktop\TOP_Carpetas\E-Tech\GitBash_Thing\TSAL\TSAL_Control\TSAL_Control_PCB\[7] SCS [T 11.9.2 (a)].SchDoc with R2M-1206FTK from Passives.SchLib
Replace Part R703 R2M-1206FTK in C:\Users\amrib\Desktop\TOP_Carpetas\E-Tech\GitBash_Thing\TSAL\TSAL_Control\TSAL_Control_PCB\[7] SCS [T 11.9.2 (a)].SchDoc with R2M-1206FTK from Passives.SchLib
Replace Part R704 R2M-1206FTK in C:\Users\amrib\Desktop\TOP_Carpetas\E-Tech\GitBash_Thing\TSAL\TSAL_Control\TSAL_Control_PCB\[7] SCS [T 11.9.2 (a)].SchDoc with R2M-1206FTK from Passives.SchLib
Replace Part R705 R10k-0805FTK in C:\Users\amrib\Desktop\TOP_Carpetas\E-Tech\GitBash_Thing\TSAL\TSAL_Control\TSAL_Control_PCB\[7] SCS [T 11.9.2 (a)].SchDoc with R10k-0805FTK from Passives.SchLib
Replace Part R706 R10k-0805FTK in C:\Users\amrib\Desktop\TOP_Carpetas\E-Tech\GitBash_Thing\TSAL\TSAL_Control\TSAL_Control_PCB\[7] SCS [T 11.9.2 (a)].SchDoc with R10k-0805FTK from Passives.SchLib
Replace Part R707 R10k-0805FTK in C:\Users\amrib\Desktop\TOP_Carpetas\E-Tech\GitBash_Thing\TSAL\TSAL_Control\TSAL_Control_PCB\[7] SCS [T 11.9.2 (a)].SchDoc with R10k-0805FTK from Passives.SchLib
Replace Part R708 R10k-0805FTK in C:\Users\amrib\Desktop\TOP_Carpetas\E-Tech\GitBash_Thing\TSAL\TSAL_Control\TSAL_Control_PCB\[7] SCS [T 11.9.2 (a)].SchDoc with R10k-0805FTK from Passives.SchLib
Replace Part R709 R51k-1206FTK in C:\Users\amrib\Desktop\TOP_Carpetas\E-Tech\GitBash_Thing\TSAL\TSAL_Control\TSAL_Control_PCB\[7] SCS [T 11.9.2 (a)].SchDoc with R51k-1206FTK from Passives.SchLib
Replace Part R710 R2.2K-1206FTK in C:\Users\amrib\Desktop\TOP_Carpetas\E-Tech\GitBash_Thing\TSAL\TSAL_Control\TSAL_Control_PCB\[7] SCS [T 11.9.2 (a)].SchDoc with R2.2K-1206FTK from Passives.SchLib
Replace Part TP701 TestPoint in C:\Users\amrib\Desktop\TOP_Carpetas\E-Tech\GitBash_Thing\TSAL\TSAL_Control\TSAL_Control_PCB\[7] SCS [T 11.9.2 (a)].SchDoc with TestPoint from e-Tech_Racing.SchLib
Replace Part TP702 TestPoint in C:\Users\amrib\Desktop\TOP_Carpetas\E-Tech\GitBash_Thing\TSAL\TSAL_Control\TSAL_Control_PCB\[7] SCS [T 11.9.2 (a)].SchDoc with TestPoint from e-Tech_Racing.SchLib
Replace Part TP703 TestPoint in C:\Users\amrib\Desktop\TOP_Carpetas\E-Tech\GitBash_Thing\TSAL\TSAL_Control\TSAL_Control_PCB\[7] SCS [T 11.9.2 (a)].SchDoc with TestPoint from e-Tech_Racing.SchLib
Replace Part TP704 TestPoint in C:\Users\amrib\Desktop\TOP_Carpetas\E-Tech\GitBash_Thing\TSAL\TSAL_Control\TSAL_Control_PCB\[7] SCS [T 11.9.2 (a)].SchDoc with TestPoint from e-Tech_Racing.SchLib
Replace Part TP705 TestPoint in C:\Users\amrib\Desktop\TOP_Carpetas\E-Tech\GitBash_Thing\TSAL\TSAL_Control\TSAL_Control_PCB\[7] SCS [T 11.9.2 (a)].SchDoc with TestPoint from e-Tech_Racing.SchLib
Replace Part TP706 TestPoint in C:\Users\amrib\Desktop\TOP_Carpetas\E-Tech\GitBash_Thing\TSAL\TSAL_Control\TSAL_Control_PCB\[7] SCS [T 11.9.2 (a)].SchDoc with TestPoint from e-Tech_Racing.SchLib
Replace Part U701 Array_4_Comp_LM339D in C:\Users\amrib\Desktop\TOP_Carpetas\E-Tech\GitBash_Thing\TSAL\TSAL_Control\TSAL_Control_PCB\[7] SCS [T 11.9.2 (a)].SchDoc with Array_4_Comp_LM339D from Integrated circuits.SchLib
Replace Part U702 Array_2x4_NAND in C:\Users\amrib\Desktop\TOP_Carpetas\E-Tech\GitBash_Thing\TSAL\TSAL_Control\TSAL_Control_PCB\[7] SCS [T 11.9.2 (a)].SchDoc with Array_2x4_NAND from Integrated circuits.SchLib
