Replace Part C901 C22u-10V-0805FNPC-X5R in C:\Users\amrib\Desktop\TOP_Carpetas\E-Tech\GitBash_Thing\TSAL\TSAL_Control\TSAL_Control_PCB\[9] Red_activation.SchDoc with C22u-10V-0805FNPC-X5R from Passives.SchLib
Replace Part C902 C1u-50V-0805FNPC-X7R in C:\Users\amrib\Desktop\TOP_Carpetas\E-Tech\GitBash_Thing\TSAL\TSAL_Control\TSAL_Control_PCB\[9] Red_activation.SchDoc with C1u-50V-0805FNPC-X7R from Passives.SchLib
Replace Part C903 C100n-50V-0805FNPC-X7R in C:\Users\amrib\Desktop\TOP_Carpetas\E-Tech\GitBash_Thing\TSAL\TSAL_Control\TSAL_Control_PCB\[9] Red_activation.SchDoc with C100n-50V-0805FNPC-X7R from Passives.SchLib
Replace Part C904 C10n-50V-0805FNPC-X7R in C:\Users\amrib\Desktop\TOP_Carpetas\E-Tech\GitBash_Thing\TSAL\TSAL_Control\TSAL_Control_PCB\[9] Red_activation.SchDoc with C10n-50V-0805FNPC-X7R from Passives.SchLib
Replace Part C905 C1u-50V-0805FNPC-X7R in C:\Users\amrib\Desktop\TOP_Carpetas\E-Tech\GitBash_Thing\TSAL\TSAL_Control\TSAL_Control_PCB\[9] Red_activation.SchDoc with C1u-50V-0805FNPC-X7R from Passives.SchLib
Replace Part C906 C100n-50V-0805FNPC-X7R in C:\Users\amrib\Desktop\TOP_Carpetas\E-Tech\GitBash_Thing\TSAL\TSAL_Control\TSAL_Control_PCB\[9] Red_activation.SchDoc with C100n-50V-0805FNPC-X7R from Passives.SchLib
Replace Part C907 C10n-50V-0805FNPC-X7R in C:\Users\amrib\Desktop\TOP_Carpetas\E-Tech\GitBash_Thing\TSAL\TSAL_Control\TSAL_Control_PCB\[9] Red_activation.SchDoc with C10n-50V-0805FNPC-X7R from Passives.SchLib
Replace Part C908 C100n-50V-0805FNPC-X7R in C:\Users\amrib\Desktop\TOP_Carpetas\E-Tech\GitBash_Thing\TSAL\TSAL_Control\TSAL_Control_PCB\[9] Red_activation.SchDoc with C100n-50V-0805FNPC-X7R from Passives.SchLib
Replace Part C909 C1u-50V-0805FNPC-X7R in C:\Users\amrib\Desktop\TOP_Carpetas\E-Tech\GitBash_Thing\TSAL\TSAL_Control\TSAL_Control_PCB\[9] Red_activation.SchDoc with C1u-50V-0805FNPC-X7R from Passives.SchLib
Replace Part C910 C100n-50V-0805FNPC-X7R in C:\Users\amrib\Desktop\TOP_Carpetas\E-Tech\GitBash_Thing\TSAL\TSAL_Control\TSAL_Control_PCB\[9] Red_activation.SchDoc with C100n-50V-0805FNPC-X7R from Passives.SchLib
Replace Part C911 C1u-50V-0805FNPC-X7R in C:\Users\amrib\Desktop\TOP_Carpetas\E-Tech\GitBash_Thing\TSAL\TSAL_Control\TSAL_Control_PCB\[9] Red_activation.SchDoc with C1u-50V-0805FNPC-X7R from Passives.SchLib
Replace Part C912 C100n-50V-0805FNPC-X7R in C:\Users\amrib\Desktop\TOP_Carpetas\E-Tech\GitBash_Thing\TSAL\TSAL_Control\TSAL_Control_PCB\[9] Red_activation.SchDoc with C100n-50V-0805FNPC-X7R from Passives.SchLib
Replace Part DCDC901 DCDC_RNM-1205S/P in C:\Users\amrib\Desktop\TOP_Carpetas\E-Tech\GitBash_Thing\TSAL\TSAL_Control\TSAL_Control_PCB\[9] Red_activation.SchDoc with DCDC_RNM-1205S/P from Semiconductor.SchLib
Replace Part Q901 TRT-NCH-8/40-SQ in C:\Users\amrib\Desktop\TOP_Carpetas\E-Tech\GitBash_Thing\TSAL\TSAL_Control\TSAL_Control_PCB\[9] Red_activation.SchDoc with TRT-NCH-8/40-SQ from Semiconductor.SchLib
Replace Part Q902 TRT-NCH-8/40-SQ in C:\Users\amrib\Desktop\TOP_Carpetas\E-Tech\GitBash_Thing\TSAL\TSAL_Control\TSAL_Control_PCB\[9] Red_activation.SchDoc with TRT-NCH-8/40-SQ from Semiconductor.SchLib
Replace Part Q903 TRT-NCH-8/40-SQ in C:\Users\amrib\Desktop\TOP_Carpetas\E-Tech\GitBash_Thing\TSAL\TSAL_Control\TSAL_Control_PCB\[9] Red_activation.SchDoc with TRT-NCH-8/40-SQ from Semiconductor.SchLib
Replace Part R901 R100-0805FTK in C:\Users\amrib\Desktop\TOP_Carpetas\E-Tech\GitBash_Thing\TSAL\TSAL_Control\TSAL_Control_PCB\[9] Red_activation.SchDoc with R100-0805FTK from Passives.SchLib
Replace Part R902 R10k-0805FTK in C:\Users\amrib\Desktop\TOP_Carpetas\E-Tech\GitBash_Thing\TSAL\TSAL_Control\TSAL_Control_PCB\[9] Red_activation.SchDoc with R10k-0805FTK from Passives.SchLib
Replace Part R903 R10k-VTR in C:\Users\amrib\Desktop\TOP_Carpetas\E-Tech\GitBash_Thing\TSAL\TSAL_Control\TSAL_Control_PCB\[9] Red_activation.SchDoc with R10k-VTR from Passives.SchLib
Replace Part R904 R2M-2512FTK in C:\Users\amrib\Desktop\TOP_Carpetas\E-Tech\GitBash_Thing\TSAL\TSAL_Control\TSAL_Control_PCB\[9] Red_activation.SchDoc with R2M-2512FTK from Passives.SchLib
Replace Part R905 R51k-1206FTK in C:\Users\amrib\Desktop\TOP_Carpetas\E-Tech\GitBash_Thing\TSAL\TSAL_Control\TSAL_Control_PCB\[9] Red_activation.SchDoc with R51k-1206FTK from Passives.SchLib
Replace Part R906 R2M-2512FTK in C:\Users\amrib\Desktop\TOP_Carpetas\E-Tech\GitBash_Thing\TSAL\TSAL_Control\TSAL_Control_PCB\[9] Red_activation.SchDoc with R2M-2512FTK from Passives.SchLib
Replace Part R907 R51k-1206FTK in C:\Users\amrib\Desktop\TOP_Carpetas\E-Tech\GitBash_Thing\TSAL\TSAL_Control\TSAL_Control_PCB\[9] Red_activation.SchDoc with R51k-1206FTK from Passives.SchLib
Replace Part R910 R10k-0805FTK in C:\Users\amrib\Desktop\TOP_Carpetas\E-Tech\GitBash_Thing\TSAL\TSAL_Control\TSAL_Control_PCB\[9] Red_activation.SchDoc with R10k-0805FTK from Passives.SchLib
Replace Part R911 R10k-0805FTK in C:\Users\amrib\Desktop\TOP_Carpetas\E-Tech\GitBash_Thing\TSAL\TSAL_Control\TSAL_Control_PCB\[9] Red_activation.SchDoc with R10k-0805FTK from Passives.SchLib
Replace Part R912 R1k-0805FTK in C:\Users\amrib\Desktop\TOP_Carpetas\E-Tech\GitBash_Thing\TSAL\TSAL_Control\TSAL_Control_PCB\[9] Red_activation.SchDoc with R1k-0805FTK from Passives.SchLib
Replace Part R913 R10k-0805FTK in C:\Users\amrib\Desktop\TOP_Carpetas\E-Tech\GitBash_Thing\TSAL\TSAL_Control\TSAL_Control_PCB\[9] Red_activation.SchDoc with R10k-0805FTK from Passives.SchLib
Replace Part R914 R10k-0805FTK in C:\Users\amrib\Desktop\TOP_Carpetas\E-Tech\GitBash_Thing\TSAL\TSAL_Control\TSAL_Control_PCB\[9] Red_activation.SchDoc with R10k-0805FTK from Passives.SchLib
Replace Part R915 R10k-0805FTK in C:\Users\amrib\Desktop\TOP_Carpetas\E-Tech\GitBash_Thing\TSAL\TSAL_Control\TSAL_Control_PCB\[9] Red_activation.SchDoc with R10k-0805FTK from Passives.SchLib
Replace Part R916 R10k-0805FTK in C:\Users\amrib\Desktop\TOP_Carpetas\E-Tech\GitBash_Thing\TSAL\TSAL_Control\TSAL_Control_PCB\[9] Red_activation.SchDoc with R10k-0805FTK from Passives.SchLib
Replace Part TP901 TestPoint in C:\Users\amrib\Desktop\TOP_Carpetas\E-Tech\GitBash_Thing\TSAL\TSAL_Control\TSAL_Control_PCB\[9] Red_activation.SchDoc with TestPoint from e-Tech_Racing.SchLib
Replace Part TP902 TestPoint in C:\Users\amrib\Desktop\TOP_Carpetas\E-Tech\GitBash_Thing\TSAL\TSAL_Control\TSAL_Control_PCB\[9] Red_activation.SchDoc with TestPoint from e-Tech_Racing.SchLib
Replace Part TP903 TestPoint in C:\Users\amrib\Desktop\TOP_Carpetas\E-Tech\GitBash_Thing\TSAL\TSAL_Control\TSAL_Control_PCB\[9] Red_activation.SchDoc with TestPoint from e-Tech_Racing.SchLib
Replace Part TP904 TestPoint in C:\Users\amrib\Desktop\TOP_Carpetas\E-Tech\GitBash_Thing\TSAL\TSAL_Control\TSAL_Control_PCB\[9] Red_activation.SchDoc with TestPoint from e-Tech_Racing.SchLib
Replace Part TP905 TestPoint in C:\Users\amrib\Desktop\TOP_Carpetas\E-Tech\GitBash_Thing\TSAL\TSAL_Control\TSAL_Control_PCB\[9] Red_activation.SchDoc with TestPoint from e-Tech_Racing.SchLib
Replace Part TP906 TestPoint in C:\Users\amrib\Desktop\TOP_Carpetas\E-Tech\GitBash_Thing\TSAL\TSAL_Control\TSAL_Control_PCB\[9] Red_activation.SchDoc with TestPoint from e-Tech_Racing.SchLib
Replace Part TP907 TestPoint in C:\Users\amrib\Desktop\TOP_Carpetas\E-Tech\GitBash_Thing\TSAL\TSAL_Control\TSAL_Control_PCB\[9] Red_activation.SchDoc with TestPoint from e-Tech_Racing.SchLib
Replace Part TP908 TestPoint in C:\Users\amrib\Desktop\TOP_Carpetas\E-Tech\GitBash_Thing\TSAL\TSAL_Control\TSAL_Control_PCB\[9] Red_activation.SchDoc with TestPoint from e-Tech_Racing.SchLib
Replace Part TP909 TestPoint in C:\Users\amrib\Desktop\TOP_Carpetas\E-Tech\GitBash_Thing\TSAL\TSAL_Control\TSAL_Control_PCB\[9] Red_activation.SchDoc with TestPoint from e-Tech_Racing.SchLib
Replace Part TP910 TestPoint in C:\Users\amrib\Desktop\TOP_Carpetas\E-Tech\GitBash_Thing\TSAL\TSAL_Control\TSAL_Control_PCB\[9] Red_activation.SchDoc with TestPoint from e-Tech_Racing.SchLib
Replace Part TP911 TestPoint in C:\Users\amrib\Desktop\TOP_Carpetas\E-Tech\GitBash_Thing\TSAL\TSAL_Control\TSAL_Control_PCB\[9] Red_activation.SchDoc with TestPoint from e-Tech_Racing.SchLib
Replace Part TP912 TestPoint in C:\Users\amrib\Desktop\TOP_Carpetas\E-Tech\GitBash_Thing\TSAL\TSAL_Control\TSAL_Control_PCB\[9] Red_activation.SchDoc with TestPoint from e-Tech_Racing.SchLib
Replace Part TP915 TestPoint in C:\Users\amrib\Desktop\TOP_Carpetas\E-Tech\GitBash_Thing\TSAL\TSAL_Control\TSAL_Control_PCB\[9] Red_activation.SchDoc with TestPoint from e-Tech_Racing.SchLib
Replace Part TP916 TestPoint in C:\Users\amrib\Desktop\TOP_Carpetas\E-Tech\GitBash_Thing\TSAL\TSAL_Control\TSAL_Control_PCB\[9] Red_activation.SchDoc with TestPoint from e-Tech_Racing.SchLib
Replace Part TP917 TestPoint in C:\Users\amrib\Desktop\TOP_Carpetas\E-Tech\GitBash_Thing\TSAL\TSAL_Control\TSAL_Control_PCB\[9] Red_activation.SchDoc with TestPoint from e-Tech_Racing.SchLib
Replace Part TP918 TestPoint in C:\Users\amrib\Desktop\TOP_Carpetas\E-Tech\GitBash_Thing\TSAL\TSAL_Control\TSAL_Control_PCB\[9] Red_activation.SchDoc with TestPoint from e-Tech_Racing.SchLib
Replace Part U902 Optocoupler_4N35 in C:\Users\amrib\Desktop\TOP_Carpetas\E-Tech\GitBash_Thing\TSAL\TSAL_Control\TSAL_Control_PCB\[9] Red_activation.SchDoc with Optocoupler_4N35 from Semiconductor.SchLib
Replace Part U903 Timer_SA555 in C:\Users\amrib\Desktop\TOP_Carpetas\E-Tech\GitBash_Thing\TSAL\TSAL_Control\TSAL_Control_PCB\[9] Red_activation.SchDoc with Timer_SA555 from Integrated circuits.SchLib
Replace Part U904 Array_2x4_OR in C:\Users\amrib\Desktop\TOP_Carpetas\E-Tech\GitBash_Thing\TSAL\TSAL_Control\TSAL_Control_PCB\[9] Red_activation.SchDoc with Array_2x4_OR from Integrated circuits.SchLib
