Removed Pin From Net: NetName=NetQ901_D Pin=Q902-D
Removed Pin From Net: NetName=TS- Pin=Q902-S
Removed Pin From Net: NetName=TS- Pin=R907-1
Removed Pin From Net: NetName=+5 TS Pin=R911-2
Removed Pin From Net: NetName=NetR903_3 Pin=U901-8
Removed Member From Class: ClassName=TSAL_Control Member=F_INV_L
Removed Member From Class: ClassName=TSAL_Control Member=J_TS+_INV_L
Removed Member From Class: ClassName=Red activation Member=Q902
Removed Member From Class: ClassName=Red activation Member=R906
Removed Member From Class: ClassName=Red activation Member=R907
Removed Member From Class: ClassName=Red activation Member=R911
Removed Member From Class: ClassName=Red activation Member=TP06
Removed Member From Class: ClassName=Red activation Member=TP904
Change Component Designator: OldDesignator=F_INV_R NewDesignator=F_DC_BUS
Change Component Designator: OldDesignator=J_TS+_INV_R NewDesignator=J_TS+_DC_BUS
Change Net Name : Old Net Name=NetF_INV_R_2 New Net Name=NetF_DC_BUS_2
Change Net Name : Old Net Name=NOT_HV_ New Net Name=NOT_HV_||_NOT_SC
Change Net Color : Old Net Color=RGB(253, 131, 0) New Net Color=Default
Added Pin To Net: NetName=TS+ Pin=F_DC_BUS-1
Added Pin To Net: NetName=TS+ Pin=R904-2
Added Pin To Net: NetName=TS+ Pin=TP903-1
Added Net: Name=TS+
