Change Component Footprint: Designator=L901 Old Footprint=L47u-60mA_CF New Footprint=L_47u-490mA_CF
Change Component Footprint: Designator=L902 Old Footprint=L47u-60mA_CF New Footprint=L_47u-490mA_CF
Change Component Comment : Designator=L901 Old Comment=744764147 New Comment=CDC5D23BNP-470KC
Change Component Comment : Designator=L902 Old Comment=744764147 New Comment=CDC5D23BNP-470KC
Change component parameters: Designator = "L901" ("L901"); Footprint = "L47u-60mA_CF"; UniqueID = "\NGWAYQBA\BRLEWVIR" ("\NGWAYQBA\BRLEWVIR")
Change component parameters (AddParameter): Name = ".Creator"; Value = "GP"; VariantName = "[No Variations]"
Change component parameters (AddParameter): Name = ".PCBcheck"; Value = ""; VariantName = "[No Variations]"
Change component parameters (AddParameter): Name = ".SCHcheck"; Value = ""; VariantName = "[No Variations]"
Change component parameters (AddParameter): Name = "Case/Package"; Value = "Nonstandard"; VariantName = "[No Variations]"
Change component parameters (AddParameter): Name = "Category"; Value = "Fixed Inductors"; VariantName = "[No Variations]"
Change component parameters (AddParameter): Name = "ComponentLink1Description"; Value = "http://www.mouser.com/ds/2/390/CDC5D23B-465898.pdf?src-supplier=Mouser"; VariantName = "[No Variations]"
Change component parameters (AddParameter): Name = "ComponentLink1URL"; Value = "http://www.mouser.com/ds/2/390/CDC5D23B-465898.pdf?src-supplier=Mouser"; VariantName = "[No Variations]"
Change component parameters (AddParameter): Name = "ComponentLink3Description"; Value = "http://products.sumida.com/products/pdf/CDC5D23B.pdf?src-supplier=Digi-Key"; VariantName = "[No Variations]"
Change component parameters (AddParameter): Name = "ComponentLink3URL"; Value = "http://products.sumida.com/products/pdf/CDC5D23B.pdf?src-supplier=Digi-Key"; VariantName = "[No Variations]"
Change component parameters (AddParameter): Name = "Core Material"; Value = "Ferrite"; VariantName = "[No Variations]"
Change component parameters (AddParameter): Name = "Current Rating"; Value = "490mA"; VariantName = "[No Variations]"
Change component parameters (AddParameter): Name = "DC Resistance (DCR)"; Value = "546mR"; VariantName = "[No Variations]"
Change component parameters (AddParameter): Name = "Height"; Value = "2.5mm"; VariantName = "[No Variations]"
Change component parameters (AddParameter): Name = "Height - Seated (Max)"; Value = "0.098inch"; VariantName = "[No Variations]"
Change component parameters (AddParameter): Name = "Inductance"; Value = "47uH"; VariantName = "[No Variations]"
Change component parameters (AddParameter): Name = "Lead Free"; Value = "Lead Free"; VariantName = "[No Variations]"
Change component parameters (AddParameter): Name = "Length"; Value = "0.228inch"; VariantName = "[No Variations]"
Change component parameters (AddParameter): Name = "Manufacturer"; Value = "Sumida"; VariantName = "[No Variations]"
Change component parameters (AddParameter): Name = "Manufacturer Part Number"; Value = "CDC5D23BNP-470KC"; VariantName = "[No Variations]"
Change component parameters (AddParameter): Name = "Max DC Current"; Value = "490mA"; VariantName = "[No Variations]"
Change component parameters (AddParameter): Name = "Max Operating Temperature"; Value = "100°C"; VariantName = "[No Variations]"
Change component parameters (AddParameter): Name = "Min Operating Temperature"; Value = "-40°C"; VariantName = "[No Variations]"
Change component parameters (AddParameter): Name = "Mount"; Value = "Surface Mount"; VariantName = "[No Variations]"
Change component parameters (AddParameter): Name = "Package Quantity"; Value = "2000"; VariantName = "[No Variations]"
Change component parameters (AddParameter): Name = "Packaging"; Value = "Tape and Reel"; VariantName = "[No Variations]"
Change component parameters (AddParameter): Name = "Pricing 1"; Value = "1=0,95000, 10=0,71100, 50=0,71100, 100=0,59700, 1000=0,40600, 10000=0,38100 (USD)"; VariantName = "[No Variations]"
Change component parameters (AddParameter): Name = "RoHS"; Value = "Yes"; VariantName = "[No Variations]"
Change component parameters (AddParameter): Name = "RoHS Compliant"; Value = "Yes"; VariantName = "[No Variations]"
Change component parameters (AddParameter): Name = "Series"; Value = "CDC5D23B"; VariantName = "[No Variations]"
Change component parameters (AddParameter): Name = "Shielding"; Value = "Unshielded"; VariantName = "[No Variations]"
Change component parameters (AddParameter): Name = "Stock 1"; Value = "3779"; VariantName = "[No Variations]"
Change component parameters (AddParameter): Name = "Supplier 1"; Value = "Mouser"; VariantName = "[No Variations]"
Change component parameters (AddParameter): Name = "Supplier Part Number 1"; Value = "851-CDC5D23BNP-470KC"; VariantName = "[No Variations]"
Change component parameters (AddParameter): Name = "Termination"; Value = "SMD/SMT"; VariantName = "[No Variations]"
Change component parameters (AddParameter): Name = "Test Frequency"; Value = "100kHz"; VariantName = "[No Variations]"
Change component parameters (AddParameter): Name = "Tolerance"; Value = "10%"; VariantName = "[No Variations]"
Change component parameters (AddParameter): Name = "Weight"; Value = "0.007584oz"; VariantName = "[No Variations]"
Change component parameters (AddParameter): Name = "Width"; Value = "5.8mm"; VariantName = "[No Variations]"
Change component parameters: Designator = "L902" ("L902"); Footprint = "L47u-60mA_CF"; UniqueID = "\NGWAYQBA\GYPANDCC" ("\NGWAYQBA\GYPANDCC")
Change component parameters (AddParameter): Name = ".Creator"; Value = "GP"; VariantName = "[No Variations]"
Change component parameters (AddParameter): Name = ".PCBcheck"; Value = ""; VariantName = "[No Variations]"
Change component parameters (AddParameter): Name = ".SCHcheck"; Value = ""; VariantName = "[No Variations]"
Change component parameters (AddParameter): Name = "Case/Package"; Value = "Nonstandard"; VariantName = "[No Variations]"
Change component parameters (AddParameter): Name = "Category"; Value = "Fixed Inductors"; VariantName = "[No Variations]"
Change component parameters (AddParameter): Name = "ComponentLink1Description"; Value = "http://www.mouser.com/ds/2/390/CDC5D23B-465898.pdf?src-supplier=Mouser"; VariantName = "[No Variations]"
Change component parameters (AddParameter): Name = "ComponentLink1URL"; Value = "http://www.mouser.com/ds/2/390/CDC5D23B-465898.pdf?src-supplier=Mouser"; VariantName = "[No Variations]"
Change component parameters (AddParameter): Name = "ComponentLink3Description"; Value = "http://products.sumida.com/products/pdf/CDC5D23B.pdf?src-supplier=Digi-Key"; VariantName = "[No Variations]"
Change component parameters (AddParameter): Name = "ComponentLink3URL"; Value = "http://products.sumida.com/products/pdf/CDC5D23B.pdf?src-supplier=Digi-Key"; VariantName = "[No Variations]"
Change component parameters (AddParameter): Name = "Core Material"; Value = "Ferrite"; VariantName = "[No Variations]"
Change component parameters (AddParameter): Name = "Current Rating"; Value = "490mA"; VariantName = "[No Variations]"
Change component parameters (AddParameter): Name = "DC Resistance (DCR)"; Value = "546mR"; VariantName = "[No Variations]"
Change component parameters (AddParameter): Name = "Height"; Value = "2.5mm"; VariantName = "[No Variations]"
Change component parameters (AddParameter): Name = "Height - Seated (Max)"; Value = "0.098inch"; VariantName = "[No Variations]"
Change component parameters (AddParameter): Name = "Inductance"; Value = "47uH"; VariantName = "[No Variations]"
Change component parameters (AddParameter): Name = "Lead Free"; Value = "Lead Free"; VariantName = "[No Variations]"
Change component parameters (AddParameter): Name = "Length"; Value = "0.228inch"; VariantName = "[No Variations]"
Change component parameters (AddParameter): Name = "Manufacturer"; Value = "Sumida"; VariantName = "[No Variations]"
Change component parameters (AddParameter): Name = "Manufacturer Part Number"; Value = "CDC5D23BNP-470KC"; VariantName = "[No Variations]"
Change component parameters (AddParameter): Name = "Max DC Current"; Value = "490mA"; VariantName = "[No Variations]"
Change component parameters (AddParameter): Name = "Max Operating Temperature"; Value = "100°C"; VariantName = "[No Variations]"
Change component parameters (AddParameter): Name = "Min Operating Temperature"; Value = "-40°C"; VariantName = "[No Variations]"
Change component parameters (AddParameter): Name = "Mount"; Value = "Surface Mount"; VariantName = "[No Variations]"
Change component parameters (AddParameter): Name = "Package Quantity"; Value = "2000"; VariantName = "[No Variations]"
Change component parameters (AddParameter): Name = "Packaging"; Value = "Tape and Reel"; VariantName = "[No Variations]"
Change component parameters (AddParameter): Name = "Pricing 1"; Value = "1=0,95000, 10=0,71100, 50=0,71100, 100=0,59700, 1000=0,40600, 10000=0,38100 (USD)"; VariantName = "[No Variations]"
Change component parameters (AddParameter): Name = "RoHS"; Value = "Yes"; VariantName = "[No Variations]"
Change component parameters (AddParameter): Name = "RoHS Compliant"; Value = "Yes"; VariantName = "[No Variations]"
Change component parameters (AddParameter): Name = "Series"; Value = "CDC5D23B"; VariantName = "[No Variations]"
Change component parameters (AddParameter): Name = "Shielding"; Value = "Unshielded"; VariantName = "[No Variations]"
Change component parameters (AddParameter): Name = "Stock 1"; Value = "3779"; VariantName = "[No Variations]"
Change component parameters (AddParameter): Name = "Supplier 1"; Value = "Mouser"; VariantName = "[No Variations]"
Change component parameters (AddParameter): Name = "Supplier Part Number 1"; Value = "851-CDC5D23BNP-470KC"; VariantName = "[No Variations]"
Change component parameters (AddParameter): Name = "Termination"; Value = "SMD/SMT"; VariantName = "[No Variations]"
Change component parameters (AddParameter): Name = "Test Frequency"; Value = "100kHz"; VariantName = "[No Variations]"
Change component parameters (AddParameter): Name = "Tolerance"; Value = "10%"; VariantName = "[No Variations]"
Change component parameters (AddParameter): Name = "Weight"; Value = "0.007584oz"; VariantName = "[No Variations]"
Change component parameters (AddParameter): Name = "Width"; Value = "5.8mm"; VariantName = "[No Variations]"
