Removed Pin From Net: NetName=+12 Pin=C901-1
Removed Pin From Net: NetName=GND Pin=C901-2
Removed Pin From Net: NetName=NetC902_1 Pin=C902-1
Removed Pin From Net: NetName=GND Pin=C902-2
Removed Pin From Net: NetName=+5 TS Pin=J902-2
Removed Pin From Net: NetName=+5 TS Pin=L902-2
Removed Pin From Net: NetName=Safe_State_Unlatched_Undelayed Pin=Q401-G
Removed Pin From Net: NetName=GND Pin=Q401-S
Removed Pin From Net: NetName=+12 Pin=R401-1
Removed Pin From Net: NetName=NetC401_2 Pin=TP408-1
Removed Pin From Net: NetName=NetC401_2 Pin=U402-5
Removed Pin From Net: NetName=Safe_State_Unlatched_Undelayed Pin=U402-6
Change Footprint: Footprint Not Found WCAP-CSGP_1210_L3.2W2.5H2.5
Change Footprint: Footprint Not Found WCAP-CSGP_1210_L3.2W2.5H2.5
Change Component Footprint: Designator=DCDC901 Old Footprint=DCDC_FXXXS-1W New Footprint=WPME-FISM_SIP-7_L19.6W7.05H10.2
Change Component Footprint: Designator=L901 Old Footprint=L_47u-490mA_CF New Footprint=WE-PD2_4532
Change Component Comment : Designator=L901 Old Comment=CDC5D23BNP-470KC New Comment=4.7µH, 1.82A
Change Component Comment : Designator=DCDC901 Old Comment=F1205S-1W New Comment=12Vin, 5Vout
Change Component Comment : Designator=C901 Old Comment=GRJ32ER71H106KE11L New Comment=4.7µF
Change Component Comment : Designator=C902 Old Comment=GRJ32ER71H106KE11L New Comment=4.7µF
Change component parameters: Designator = "DCDC901" ("DCDC901"); Footprint = "DCDC_FXXXS-1W"; UniqueID = "\NGWAYQBA\TQPBYIOA" ("\NGWAYQBA\TQPBYIOA")
Change component parameters (AddParameter): Name = "Case/Size Code"; Value = "SIP-7"; VariantName = "[No Variations]"
Change component parameters (AddParameter): Name = "Category"; Value = "Isolated Converter"; VariantName = "[No Variations]"
Change component parameters (AddParameter): Name = "ComponentLink1Description"; Value = "Website Link"; VariantName = "[No Variations]"
Change component parameters (AddParameter): Name = "ComponentLink1URL"; Value = "https://www.we-online.com/redexpert/article/177920524?ad"; VariantName = "[No Variations]"
Change component parameters (AddParameter): Name = "ComponentLink2Description"; Value = "Datasheet Link"; VariantName = "[No Variations]"
Change component parameters (AddParameter): Name = "ComponentLink2URL"; Value = "https://www.we-online.com/redexpert/spec/177920524?ad"; VariantName = "[No Variations]"
Change component parameters (AddParameter): Name = "Height"; Value = "10.2mm"; VariantName = "[No Variations]"
Change component parameters (AddParameter): Name = "Input Voltage"; Value = "12V"; VariantName = "[No Variations]"
Change component parameters (AddParameter): Name = "Input Voltage Max"; Value = "13.2V"; VariantName = "[No Variations]"
Change component parameters (AddParameter): Name = "Input Voltage Min"; Value = "10.8V"; VariantName = "[No Variations]"
Change component parameters (AddParameter): Name = "Isolation Voltage"; Value = "4000V"; VariantName = "[No Variations]"
Change component parameters (AddParameter): Name = "Length"; Value = "19.6mm"; VariantName = "[No Variations]"
Change component parameters (AddParameter): Name = "Manufacturer"; Value = "Wurth Elektronik"; VariantName = "[No Variations]"
Change component parameters (AddParameter): Name = "Manufacturer Part Number"; Value = "177920524"; VariantName = "[No Variations]"
Change component parameters (AddParameter): Name = "Match Code"; Value = "WPME-FISM"; VariantName = "[No Variations]"
Change component parameters (AddParameter): Name = "Mount"; Value = "Through Hole"; VariantName = "[No Variations]"
Change component parameters (AddParameter): Name = "Operating Temperature Max"; Value = "85°C"; VariantName = "[No Variations]"
Change component parameters (AddParameter): Name = "Operating Temperature Min"; Value = "-40°C"; VariantName = "[No Variations]"
Change component parameters (AddParameter): Name = "Output Power"; Value = "1W"; VariantName = "[No Variations]"
Change component parameters (AddParameter): Name = "Output Voltage"; Value = "5V"; VariantName = "[No Variations]"
Change component parameters (AddParameter): Name = "Packaging"; Value = "Tube"; VariantName = "[No Variations]"
Change component parameters (AddParameter): Name = "Width"; Value = "7.05mm"; VariantName = "[No Variations]"
Added Pin To Net: NetName=GND Pin=C401-1
Added Pin To Net: NetName=GND Pin=C901-1
Added Pin To Net: NetName=+12 Pin=C901-2
Added Pin To Net: NetName=GND Pin=C902-1
Added Pin To Net: NetName=+12 Pin=C902-2
Added Pin To Net: NetName=+5 TS Pin=C903-1
Added Pin To Net: NetName=+5 TS Pin=DCDC901-7
Added Pin To Net: NetName=Safe_State_Unlatched_Undelayed Pin=R401-1
Added Pin To Net: NetName=Safe_State_Unlatched_Undelayed Pin=TP408-1
Added Pin To Net: NetName=Safe_State_Unlatched_Undelayed Pin=U402-5
Added Pin To Net: NetName=NetC401_2 Pin=U402-6
Change Net Name : Old Net Name=NetC902_1 New Net Name=NetDCDC901_1
Added Member To Class: ClassName=Red activation Member=Component DCDC901 12Vin, 5Vout
