Removed Pin From Net: NetName=GND Pin=DCDC901-1
Removed Pin From Net: NetName=+12 Pin=DCDC901-3
Removed Pin From Net: NetName=+5 TS Pin=DCDC901-4
Removed Pin From Net: NetName=TS- Pin=DCDC901-5
Removed Pin From Net: NetName=TS_OFF Pin=Q801-1
Removed Pin From Net: NetName=GND Pin=Q801-3
Removed Pin From Net: NetName=TS_ON Pin=Q1001-1
Removed Pin From Net: NetName=GND Pin=Q1001-3
Change Component Footprint: Designator=DCDC901 Old Footprint=DCDC_RNM-0505S/P New Footprint=DCDC_RNM-XX05S/P
Change Component Footprint: Designator=Q801 Old Footprint=STB36N60M6 New Footprint=TRT-NCH-D2PAK
Change Component Footprint: Designator=Q1001 Old Footprint=STB36N60M6 New Footprint=TRT-NCH-D2PAK
Change Component Comment : Designator=DCDC901 Old Comment=RNM-0505S/P New Comment=RNM-1205S/P
Change Component Comment : Designator=Q801 Old Comment=STB36N60M6 New Comment=SQ2318BES-T1_GE3
Change Component Comment : Designator=Q1001 Old Comment=STB36N60M6 New Comment=SQ2318BES-T1_GE3
Change component parameters: Designator = "DCDC901" ("DCDC901"); Footprint = "DCDC_RNM-0505S/P"; UniqueID = "\NGWAYQBA\NFFNITQL" ("\NGWAYQBA\NFFNITQL")
Change component parameters (AddParameter): Name = "Case/Package"; Value = "DIP"; VariantName = "[No Variations]"
Change component parameters (AddParameter): Name = "Category"; Value = "Voltage Regulators - Switching"; VariantName = "[No Variations]"
Change component parameters (AddParameter): Name = "ComponentLink1Description"; Value = "https://datasheet.ciiva.com/2172/rnm-2172495.pdf?src-supplier=Digi-Key"; VariantName = "[No Variations]"
Change component parameters (AddParameter): Name = "ComponentLink1URL"; Value = "https://datasheet.ciiva.com/2172/rnm-2172495.pdf?src-supplier=Digi-Key"; VariantName = "[No Variations]"
Change component parameters (AddParameter): Name = "Efficiency"; Value = "78%"; VariantName = "[No Variations]"
Change component parameters (AddParameter): Name = "Features"; Value = "SCP"; VariantName = "[No Variations]"
Change component parameters (AddParameter): Name = "Height"; Value = "6.8mm"; VariantName = "[No Variations]"
Change component parameters (AddParameter): Name = "Isolation Voltage"; Value = "1kV"; VariantName = "[No Variations]"
Change component parameters (AddParameter): Name = "Lead Free"; Value = "Lead Free"; VariantName = "[No Variations]"
Change component parameters (AddParameter): Name = "Length"; Value = "8.3mm"; VariantName = "[No Variations]"
Change component parameters (AddParameter): Name = "Manufacturer 1"; Value = "Recom"; VariantName = "[No Variations]"
Change component parameters (AddParameter): Name = "Manufacturer Part Number 1"; Value = "RNM-1205S/P"; VariantName = "[No Variations]"
Change component parameters (AddParameter): Name = "Max Input Voltage"; Value = "13.2V"; VariantName = "[No Variations]"
Change component parameters (AddParameter): Name = "Max Operating Temperature"; Value = "85°C"; VariantName = "[No Variations]"
Change component parameters (AddParameter): Name = "Max Output Current"; Value = "200mA"; VariantName = "[No Variations]"
Change component parameters (AddParameter): Name = "Max Output Voltage"; Value = "5V"; VariantName = "[No Variations]"
Change component parameters (AddParameter): Name = "Max Power Dissipation"; Value = "1W"; VariantName = "[No Variations]"
Change component parameters (AddParameter): Name = "Min Input Voltage"; Value = "10.8V"; VariantName = "[No Variations]"
Change component parameters (AddParameter): Name = "Min Operating Temperature"; Value = "-40°C"; VariantName = "[No Variations]"
Change component parameters (AddParameter): Name = "Mount"; Value = "Through Hole"; VariantName = "[No Variations]"
Change component parameters (AddParameter): Name = "Nominal Input Voltage"; Value = "12V"; VariantName = "[No Variations]"
Change component parameters (AddParameter): Name = "Number of Outputs"; Value = "1"; VariantName = "[No Variations]"
Change component parameters (AddParameter): Name = "Output Power"; Value = "1W"; VariantName = "[No Variations]"
Change component parameters (AddParameter): Name = "Package Quantity"; Value = "60"; VariantName = "[No Variations]"
Change component parameters (AddParameter): Name = "Packaging"; Value = "Rail/Tube"; VariantName = "[No Variations]"
Change component parameters (AddParameter): Name = "Pricing 1"; Value = "1=8,32000, 10=8,08000, 50=7,84000, 100=7,60000, 1000=6,65000, 10000=6,42000 (USD)"; VariantName = "[No Variations]"
Change component parameters (AddParameter): Name = "RoHS"; Value = "Yes"; VariantName = "[No Variations]"
Change component parameters (AddParameter): Name = "RoHS Compliant"; Value = "Yes"; VariantName = "[No Variations]"
Change component parameters (AddParameter): Name = "Series"; Value = "ECONOLINE RNM"; VariantName = "[No Variations]"
Change component parameters (AddParameter): Name = "Stock 1"; Value = "40"; VariantName = "[No Variations]"
Change component parameters (AddParameter): Name = "Supplier 1"; Value = "Mouser"; VariantName = "[No Variations]"
Change component parameters (AddParameter): Name = "Supplier Part Number 1"; Value = "919-RNM-1205S/P"; VariantName = "[No Variations]"
Change component parameters (AddParameter): Name = "Voltage - Output 1"; Value = "5V"; VariantName = "[No Variations]"
Change component parameters (AddParameter): Name = "Weight"; Value = "1.1g"; VariantName = "[No Variations]"
Change component parameters (AddParameter): Name = "Width"; Value = "8.3mm"; VariantName = "[No Variations]"
Added Pin To Net: NetName=+5 TS Pin=DCDC901-1
Added Pin To Net: NetName=TS- Pin=DCDC901-3
Added Pin To Net: NetName=GND Pin=DCDC901-4
Added Pin To Net: NetName=+12 Pin=DCDC901-5
Added Pin To Net: NetName=TS_OFF Pin=Q801-G
Added Pin To Net: NetName=GND Pin=Q801-S
Added Pin To Net: NetName=TS_ON Pin=Q1001-G
Added Pin To Net: NetName=GND Pin=Q1001-S
Added Pin To Net: NetName=NetQ801_D Pin=Q801-D
Added Pin To Net: NetName=NetQ801_D Pin=R802-1
Added Pin To Net: NetName=NetQ801_D Pin=TP803-1
Added Net: Name=NetQ801_D
Added Pin To Net: NetName=NetQ1001_D Pin=Q1001-D
Added Pin To Net: NetName=NetQ1001_D Pin=R1002-1
Added Net: Name=NetQ1001_D
Added Member To Class: ClassName=Red activation Member=Component DCDC901 RNM-1205S/P
