Removed Pin From Net: NetName=GND Pin=DCDC901-1
Removed Pin From Net: NetName=+12 Pin=DCDC901-3
Removed Pin From Net: NetName=+5 TS Pin=DCDC901-4
Removed Pin From Net: NetName=TS- Pin=DCDC901-5
Removed Pin From Net: NetName=TS_OFF Pin=Q801-1
Removed Pin From Net: NetName=GND Pin=Q801-3
Removed Pin From Net: NetName=TS_ON Pin=Q1001-1
Removed Pin From Net: NetName=GND Pin=Q1001-3
Removed Member From Class: ClassName=Red activation Member=DCDC901
Change Component Footprint: Designator=Q801 Old Footprint=STB36N60M6 New Footprint=TRT-NCH-D2PAK
Change Component Footprint: Designator=Q1001 Old Footprint=STB36N60M6 New Footprint=TRT-NCH-D2PAK
Change Component Comment : Designator=Q801 Old Comment=STB36N60M6 New Comment=SQ2318BES-T1_GE3
Change Component Comment : Designator=Q1001 Old Comment=STB36N60M6 New Comment=SQ2318BES-T1_GE3
Change component parameters: Designator = "Q801" ("Q801"); Footprint = "STB36N60M6"; UniqueID = "\GHKRJJQI\LZCFHCWG" ("\GHKRJJQI\LZCFHCWG")
Change component parameters (AddParameter): Name = "Case/Package"; Value = "TO-252-3"; VariantName = "[No Variations]"
Change component parameters (AddParameter): Name = "Category"; Value = "MOSFETs"; VariantName = "[No Variations]"
Change component parameters (AddParameter): Name = "ComponentLink2Description"; Value = "Datasheet"; VariantName = "[No Variations]"
Change component parameters (AddParameter): Name = "ComponentLink2URL"; Value = "https://www.mouser.es/datasheet/2/427/sq2318bes-1868475.pdf"; VariantName = "[No Variations]"
Change component parameters (AddParameter): Name = "Continuous Drain Current (ID)"; Value = "31A"; VariantName = "[No Variations]"
Change component parameters (AddParameter): Name = "Drain to Source Breakdown Voltage"; Value = "100V"; VariantName = "[No Variations]"
Change component parameters (AddParameter): Name = "Drain to Source Resistance"; Value = "39mR"; VariantName = "[No Variations]"
Change component parameters (AddParameter): Name = "Drain to Source Voltage (Vdss)"; Value = "100V"; VariantName = "[No Variations]"
Change component parameters (AddParameter): Name = "Gate to Source Voltage (Vgs)"; Value = "20V"; VariantName = "[No Variations]"
Change component parameters (AddParameter): Name = "Halogen Free"; Value = "Halogen Free"; VariantName = "[No Variations]"
Change component parameters (AddParameter): Name = "Height"; Value = "0.094inch"; VariantName = "[No Variations]"
Change component parameters (AddParameter): Name = "Input Capacitance"; Value = "1.69nF"; VariantName = "[No Variations]"
Change component parameters (AddParameter): Name = "Lead Free"; Value = "Contains Lead"; VariantName = "[No Variations]"
Change component parameters (AddParameter): Name = "Length"; Value = "0.264inch"; VariantName = "[No Variations]"
Change component parameters (AddParameter): Name = "Manufacturer 1"; Value = "Infineon"; VariantName = "[No Variations]"
Change component parameters (AddParameter): Name = "Manufacturer Part Number 1"; Value = "IRFR3410TRPBF"; VariantName = "[No Variations]"
Change component parameters (AddParameter): Name = "Max Dual Supply Voltage"; Value = "100V"; VariantName = "[No Variations]"
Change component parameters (AddParameter): Name = "Max Operating Temperature"; Value = "175°C"; VariantName = "[No Variations]"
Change component parameters (AddParameter): Name = "Max Power Dissipation"; Value = "3W"; VariantName = "[No Variations]"
Change component parameters (AddParameter): Name = "Min Operating Temperature"; Value = "-55°C"; VariantName = "[No Variations]"
Change component parameters (AddParameter): Name = "Mount"; Value = "Surface Mount"; VariantName = "[No Variations]"
Change component parameters (AddParameter): Name = "Number of Pins"; Value = "3"; VariantName = "[No Variations]"
Change component parameters (AddParameter): Name = "Packaging"; Value = "Cut Tape"; VariantName = "[No Variations]"
Change component parameters (AddParameter): Name = "Polarization"; Value = "N"; VariantName = "[No Variations]"
Change component parameters (AddParameter): Name = "Power Dissipation"; Value = "110W"; VariantName = "[No Variations]"
Change component parameters (AddParameter): Name = "Pricing 1"; Value = "1=1,20000, 10=1,08000, 100=0,84200, 500=0,69600 (EUR)"; VariantName = "[No Variations]"
Change component parameters (AddParameter): Name = "Rds On Max"; Value = "39mR"; VariantName = "[No Variations]"
Change component parameters (AddParameter): Name = "Reach SVHC Compliant"; Value = "Yes"; VariantName = "[No Variations]"
Change component parameters (AddParameter): Name = "RoHS"; Value = "Yes"; VariantName = "[No Variations]"
Change component parameters (AddParameter): Name = "RoHS Compliant"; Value = "Yes"; VariantName = "[No Variations]"
Change component parameters (AddParameter): Name = "Series"; Value = "HEXFET®"; VariantName = "[No Variations]"
Change component parameters (AddParameter): Name = "Stock 1"; Value = "4070"; VariantName = "[No Variations]"
Change component parameters (AddParameter): Name = "Supplier 1"; Value = "Farnell"; VariantName = "[No Variations]"
Change component parameters (AddParameter): Name = "Supplier Part Number 1"; Value = "2468036"; VariantName = "[No Variations]"
Change component parameters (AddParameter): Name = "Threshold Voltage"; Value = "4V"; VariantName = "[No Variations]"
Change component parameters (AddParameter): Name = "Turn-Off Delay Time"; Value = "40ns"; VariantName = "[No Variations]"
Change component parameters (AddParameter): Name = "Turn-On Delay Time"; Value = "12ns"; VariantName = "[No Variations]"
Change component parameters (AddParameter): Name = "Width"; Value = "0.245inch"; VariantName = "[No Variations]"
Change component parameters: Designator = "Q1001" ("Q1001"); Footprint = "STB36N60M6"; UniqueID = "\TWEBMPVM\MDZRGUXF" ("\TWEBMPVM\MDZRGUXF")
Change component parameters (AddParameter): Name = "Case/Package"; Value = "TO-252-3"; VariantName = "[No Variations]"
Change component parameters (AddParameter): Name = "Category"; Value = "MOSFETs"; VariantName = "[No Variations]"
Change component parameters (AddParameter): Name = "ComponentLink2Description"; Value = "Datasheet"; VariantName = "[No Variations]"
Change component parameters (AddParameter): Name = "ComponentLink2URL"; Value = "https://www.mouser.es/datasheet/2/427/sq2318bes-1868475.pdf"; VariantName = "[No Variations]"
Change component parameters (AddParameter): Name = "Continuous Drain Current (ID)"; Value = "31A"; VariantName = "[No Variations]"
Change component parameters (AddParameter): Name = "Drain to Source Breakdown Voltage"; Value = "100V"; VariantName = "[No Variations]"
Change component parameters (AddParameter): Name = "Drain to Source Resistance"; Value = "39mR"; VariantName = "[No Variations]"
Change component parameters (AddParameter): Name = "Drain to Source Voltage (Vdss)"; Value = "100V"; VariantName = "[No Variations]"
Change component parameters (AddParameter): Name = "Gate to Source Voltage (Vgs)"; Value = "20V"; VariantName = "[No Variations]"
Change component parameters (AddParameter): Name = "Halogen Free"; Value = "Halogen Free"; VariantName = "[No Variations]"
Change component parameters (AddParameter): Name = "Height"; Value = "0.094inch"; VariantName = "[No Variations]"
Change component parameters (AddParameter): Name = "Input Capacitance"; Value = "1.69nF"; VariantName = "[No Variations]"
Change component parameters (AddParameter): Name = "Lead Free"; Value = "Contains Lead"; VariantName = "[No Variations]"
Change component parameters (AddParameter): Name = "Length"; Value = "0.264inch"; VariantName = "[No Variations]"
Change component parameters (AddParameter): Name = "Manufacturer 1"; Value = "Infineon"; VariantName = "[No Variations]"
Change component parameters (AddParameter): Name = "Manufacturer Part Number 1"; Value = "IRFR3410TRPBF"; VariantName = "[No Variations]"
Change component parameters (AddParameter): Name = "Max Dual Supply Voltage"; Value = "100V"; VariantName = "[No Variations]"
Change component parameters (AddParameter): Name = "Max Operating Temperature"; Value = "175°C"; VariantName = "[No Variations]"
Change component parameters (AddParameter): Name = "Max Power Dissipation"; Value = "3W"; VariantName = "[No Variations]"
Change component parameters (AddParameter): Name = "Min Operating Temperature"; Value = "-55°C"; VariantName = "[No Variations]"
Change component parameters (AddParameter): Name = "Mount"; Value = "Surface Mount"; VariantName = "[No Variations]"
Change component parameters (AddParameter): Name = "Number of Pins"; Value = "3"; VariantName = "[No Variations]"
Change component parameters (AddParameter): Name = "Packaging"; Value = "Cut Tape"; VariantName = "[No Variations]"
Change component parameters (AddParameter): Name = "Polarization"; Value = "N"; VariantName = "[No Variations]"
Change component parameters (AddParameter): Name = "Power Dissipation"; Value = "110W"; VariantName = "[No Variations]"
Change component parameters (AddParameter): Name = "Pricing 1"; Value = "1=1,20000, 10=1,08000, 100=0,84200, 500=0,69600 (EUR)"; VariantName = "[No Variations]"
Change component parameters (AddParameter): Name = "Rds On Max"; Value = "39mR"; VariantName = "[No Variations]"
Change component parameters (AddParameter): Name = "Reach SVHC Compliant"; Value = "Yes"; VariantName = "[No Variations]"
Change component parameters (AddParameter): Name = "RoHS"; Value = "Yes"; VariantName = "[No Variations]"
Change component parameters (AddParameter): Name = "RoHS Compliant"; Value = "Yes"; VariantName = "[No Variations]"
Change component parameters (AddParameter): Name = "Series"; Value = "HEXFET®"; VariantName = "[No Variations]"
Change component parameters (AddParameter): Name = "Stock 1"; Value = "4070"; VariantName = "[No Variations]"
Change component parameters (AddParameter): Name = "Supplier 1"; Value = "Farnell"; VariantName = "[No Variations]"
Change component parameters (AddParameter): Name = "Supplier Part Number 1"; Value = "2468036"; VariantName = "[No Variations]"
Change component parameters (AddParameter): Name = "Threshold Voltage"; Value = "4V"; VariantName = "[No Variations]"
Change component parameters (AddParameter): Name = "Turn-Off Delay Time"; Value = "40ns"; VariantName = "[No Variations]"
Change component parameters (AddParameter): Name = "Turn-On Delay Time"; Value = "12ns"; VariantName = "[No Variations]"
Change component parameters (AddParameter): Name = "Width"; Value = "0.245inch"; VariantName = "[No Variations]"
Added Component: Designator=DCDC*(DCDC_RNM-XX05S/P)
Add component (AddParameter): Name = "Case/Package"; Value = "DIP"; VariantName = "[No Variations]"
Add component (AddParameter): Name = "Category"; Value = "Voltage Regulators - Switching"; VariantName = "[No Variations]"
Add component (AddParameter): Name = "ComponentLink1Description"; Value = "https://datasheet.ciiva.com/2172/rnm-2172495.pdf?src-supplier=Digi-Key"; VariantName = "[No Variations]"
Add component (AddParameter): Name = "ComponentLink1URL"; Value = "https://datasheet.ciiva.com/2172/rnm-2172495.pdf?src-supplier=Digi-Key"; VariantName = "[No Variations]"
Add component (AddParameter): Name = "Efficiency"; Value = "78%"; VariantName = "[No Variations]"
Add component (AddParameter): Name = "Features"; Value = "SCP"; VariantName = "[No Variations]"
Add component (AddParameter): Name = "Height"; Value = "6.8mm"; VariantName = "[No Variations]"
Add component (AddParameter): Name = "Isolation Voltage"; Value = "1kV"; VariantName = "[No Variations]"
Add component (AddParameter): Name = "Lead Free"; Value = "Lead Free"; VariantName = "[No Variations]"
Add component (AddParameter): Name = "Length"; Value = "8.3mm"; VariantName = "[No Variations]"
Add component (AddParameter): Name = "Manufacturer 1"; Value = "Recom"; VariantName = "[No Variations]"
Add component (AddParameter): Name = "Manufacturer Part Number 1"; Value = "RNM-1205S/P"; VariantName = "[No Variations]"
Add component (AddParameter): Name = "Max Input Voltage"; Value = "13.2V"; VariantName = "[No Variations]"
Add component (AddParameter): Name = "Max Operating Temperature"; Value = "85°C"; VariantName = "[No Variations]"
Add component (AddParameter): Name = "Max Output Current"; Value = "200mA"; VariantName = "[No Variations]"
Add component (AddParameter): Name = "Max Output Voltage"; Value = "5V"; VariantName = "[No Variations]"
Add component (AddParameter): Name = "Max Power Dissipation"; Value = "1W"; VariantName = "[No Variations]"
Add component (AddParameter): Name = "Min Input Voltage"; Value = "10.8V"; VariantName = "[No Variations]"
Add component (AddParameter): Name = "Min Operating Temperature"; Value = "-40°C"; VariantName = "[No Variations]"
Add component (AddParameter): Name = "Mount"; Value = "Through Hole"; VariantName = "[No Variations]"
Add component (AddParameter): Name = "Nominal Input Voltage"; Value = "12V"; VariantName = "[No Variations]"
Add component (AddParameter): Name = "Number of Outputs"; Value = "1"; VariantName = "[No Variations]"
Add component (AddParameter): Name = "Output Power"; Value = "1W"; VariantName = "[No Variations]"
Add component (AddParameter): Name = "Package Quantity"; Value = "60"; VariantName = "[No Variations]"
Add component (AddParameter): Name = "Packaging"; Value = "Rail/Tube"; VariantName = "[No Variations]"
Add component (AddParameter): Name = "Pricing 1"; Value = "1=8,32000, 10=8,08000, 50=7,84000, 100=7,60000, 1000=6,65000, 10000=6,42000 (USD)"; VariantName = "[No Variations]"
Add component (AddParameter): Name = "RoHS"; Value = "Yes"; VariantName = "[No Variations]"
Add component (AddParameter): Name = "RoHS Compliant"; Value = "Yes"; VariantName = "[No Variations]"
Add component (AddParameter): Name = "Series"; Value = "ECONOLINE RNM"; VariantName = "[No Variations]"
Add component (AddParameter): Name = "Stock 1"; Value = "40"; VariantName = "[No Variations]"
Add component (AddParameter): Name = "Supplier 1"; Value = "Mouser"; VariantName = "[No Variations]"
Add component (AddParameter): Name = "Supplier Part Number 1"; Value = "919-RNM-1205S/P"; VariantName = "[No Variations]"
Add component (AddParameter): Name = "Voltage - Output 1"; Value = "5V"; VariantName = "[No Variations]"
Add component (AddParameter): Name = "Weight"; Value = "1.1g"; VariantName = "[No Variations]"
Add component (AddParameter): Name = "Width"; Value = "8.3mm"; VariantName = "[No Variations]"
Added Pin To Net: NetName=+5 TS Pin=DCDC*-1
Added Pin To Net: NetName=TS- Pin=DCDC*-3
Added Pin To Net: NetName=GND Pin=DCDC*-4
Added Pin To Net: NetName=+12 Pin=DCDC*-5
Added Pin To Net: NetName=TS_OFF Pin=Q801-G
Added Pin To Net: NetName=GND Pin=Q801-S
Added Pin To Net: NetName=TS_ON Pin=Q1001-G
Added Pin To Net: NetName=GND Pin=Q1001-S
Change Net Name : Old Net Name=NOT_HV_ New Net Name=NOT_HV_||_NOT_SC
Added Pin To Net: NetName=NetQ801_D Pin=Q801-D
Added Pin To Net: NetName=NetQ801_D Pin=R802-1
Added Pin To Net: NetName=NetQ801_D Pin=TP803-1
Added Net: Name=NetQ801_D
Added Pin To Net: NetName=NetQ1001_D Pin=Q1001-D
Added Pin To Net: NetName=NetQ1001_D Pin=R1002-1
Added Net: Name=NetQ1001_D
Added Member To Class: ClassName=Red activation Member=Component DCDC* RNM-1205S/P
