Removed Pin From Net: NetName=INV_L_Red_ON Pin=J1-1
Removed Pin From Net: NetName=Precharge_State Pin=J1-2
Removed Pin From Net: NetName=AIR-_State Pin=J1-3
Removed Pin From Net: NetName=AIR+_State Pin=J1-4
Removed Pin From Net: NetName=TS_OFF Pin=J1-5
Removed Pin From Net: NetName=TS_ON Pin=J1-6
Removed Pin From Net: NetName=SC_End_24V Pin=J1-7
Removed Pin From Net: NetName=GND Pin=J1-8
Removed Pin From Net: NetName=INV_R_Red_ON Pin=J1-9
Removed Pin From Net: NetName=Precharge_Coil_1_24V Pin=J1-10
Removed Pin From Net: NetName=AIR-_Coil_1_24V Pin=J1-11
Removed Pin From Net: NetName=AIR+_Coil_1_24V Pin=J1-12
Removed Pin From Net: NetName=HV_Accumulator_State Pin=J1-13
Removed Pin From Net: NetName=Red_LEDs Pin=J1-14
Removed Pin From Net: NetName=Green_LEDs Pin=J1-15
Removed Pin From Net: NetName=LV+_in Pin=J1-16
Added Pin To Net: NetName=LV+_in Pin=J1-1
Added Pin To Net: NetName=Green_LEDs Pin=J1-2
Added Pin To Net: NetName=Red_LEDs Pin=J1-3
Added Pin To Net: NetName=HV_Accumulator_State Pin=J1-4
Added Pin To Net: NetName=AIR+_Coil_1_24V Pin=J1-5
Added Pin To Net: NetName=AIR-_Coil_1_24V Pin=J1-6
Added Pin To Net: NetName=Precharge_Coil_1_24V Pin=J1-7
Added Pin To Net: NetName=INV_R_Red_ON Pin=J1-8
Added Pin To Net: NetName=GND Pin=J1-9
Added Pin To Net: NetName=SC_End_24V Pin=J1-10
Added Pin To Net: NetName=TS_ON Pin=J1-11
Added Pin To Net: NetName=TS_OFF Pin=J1-12
Added Pin To Net: NetName=AIR+_State Pin=J1-13
Added Pin To Net: NetName=AIR-_State Pin=J1-14
Added Pin To Net: NetName=Precharge_State Pin=J1-15
Added Pin To Net: NetName=INV_L_Red_ON Pin=J1-16
Change Net Name : Old Net Name=NOT_HV_ New Net Name=NOT_HV_||_NOT_SC
